2021-04-13 16:37:23:652  [INFO      ] ----------------------------------------------------------------
2021-04-13 16:37:23:652  [INFO      ] Starting damian.exe ver 1.0.0.0
2021-04-13 16:37:23:652  [INFO      ] From D:\Dev\varcoded\Damian\DamIAn\WinApp\Win32\Debug\damian.exe
2021-04-13 16:37:23:652  [INFO      ] On martes, abril, 13 2021 04:37:23 p. m.
2021-04-13 16:37:23:652  [INFO      ] Created by:Zaphod (See "About" for contact)
2021-04-13 16:37:23:652  [INFO      ] Windows username: SFAJARDO
2021-04-13 16:37:23:652  [INFO      ] Running on computer: DESARROLLO02
2021-04-13 16:37:23:652  [INFO      ] ----------------------------------------------------------------
2021-04-13 16:54:24:809  [INFO      ] ----------------------------------------------------------------
2021-04-13 16:54:24:809  [INFO      ] Starting damian.exe ver 1.0.0.0
2021-04-13 16:54:24:809  [INFO      ] From D:\Dev\varcoded\Damian\DamIAn\WinApp\Win32\Debug\damian.exe
2021-04-13 16:54:24:809  [INFO      ] On martes, abril, 13 2021 04:54:24 p. m.
2021-04-13 16:54:24:809  [INFO      ] Created by:Zaphod (See "About" for contact)
2021-04-13 16:54:24:809  [INFO      ] Windows username: SFAJARDO
2021-04-13 16:54:24:809  [INFO      ] Running on computer: DESARROLLO02
2021-04-13 16:54:24:809  [INFO      ] ----------------------------------------------------------------
2021-04-13 17:08:16:854  [INFO      ] ----------------------------------------------------------------
2021-04-13 17:08:16:854  [INFO      ] Starting damian.exe ver 1.0.0.0
2021-04-13 17:08:16:854  [INFO      ] From D:\Dev\varcoded\Damian\DamIAn\WinApp\Win32\Debug\damian.exe
2021-04-13 17:08:16:854  [INFO      ] On martes, abril, 13 2021 05:08:16 p. m.
2021-04-13 17:08:16:854  [INFO      ] Created by:Zaphod (See "About" for contact)
2021-04-13 17:08:16:854  [INFO      ] Windows username: SFAJARDO
2021-04-13 17:08:16:854  [INFO      ] Running on computer: DESARROLLO02
2021-04-13 17:08:16:854  [INFO      ] ----------------------------------------------------------------
2021-04-13 17:09:35:899  [INFO      ] ----------------------------------------------------------------
2021-04-13 17:09:35:899  [INFO      ] Starting damian.exe ver 1.0.0.0
2021-04-13 17:09:35:899  [INFO      ] From D:\Dev\varcoded\Damian\DamIAn\WinApp\Win32\Debug\damian.exe
2021-04-13 17:09:35:899  [INFO      ] On martes, abril, 13 2021 05:09:35 p. m.
2021-04-13 17:09:35:899  [INFO      ] Created by:Zaphod (See "About" for contact)
2021-04-13 17:09:35:899  [INFO      ] Windows username: SFAJARDO
2021-04-13 17:09:35:899  [INFO      ] Running on computer: DESARROLLO02
2021-04-13 17:09:35:899  [INFO      ] ----------------------------------------------------------------
2021-04-13 17:10:20:074  [INFO      ] ----------------------------------------------------------------
2021-04-13 17:10:20:074  [INFO      ] Starting damian.exe ver 1.0.0.0
2021-04-13 17:10:20:074  [INFO      ] From D:\Dev\varcoded\Damian\DamIAn\WinApp\Win32\Debug\damian.exe
2021-04-13 17:10:20:074  [INFO      ] On martes, abril, 13 2021 05:10:20 p. m.
2021-04-13 17:10:20:074  [INFO      ] Created by:Zaphod (See "About" for contact)
2021-04-13 17:10:20:074  [INFO      ] Windows username: SFAJARDO
2021-04-13 17:10:20:074  [INFO      ] Running on computer: DESARROLLO02
2021-04-13 17:10:20:074  [INFO      ] ----------------------------------------------------------------
2021-04-13 17:11:18:229  [INFO      ] ----------------------------------------------------------------
2021-04-13 17:11:18:229  [INFO      ] Starting damian.exe ver 1.0.0.0
2021-04-13 17:11:18:229  [INFO      ] From D:\Dev\varcoded\Damian\DamIAn\WinApp\Win32\Debug\damian.exe
2021-04-13 17:11:18:229  [INFO      ] On martes, abril, 13 2021 05:11:18 p. m.
2021-04-13 17:11:18:229  [INFO      ] Created by:Zaphod (See "About" for contact)
2021-04-13 17:11:18:229  [INFO      ] Windows username: SFAJARDO
2021-04-13 17:11:18:229  [INFO      ] Running on computer: DESARROLLO02
2021-04-13 17:11:18:229  [INFO      ] ----------------------------------------------------------------
2021-04-13 17:13:38:900  [INFO      ] ----------------------------------------------------------------
2021-04-13 17:13:38:900  [INFO      ] Starting damian.exe ver 1.0.0.0
2021-04-13 17:13:38:923  [INFO      ] From D:\Dev\varcoded\Damian\DamIAn\WinApp\Win32\Debug\damian.exe
2021-04-13 17:13:38:923  [INFO      ] On martes, abril, 13 2021 05:13:38 p. m.
2021-04-13 17:13:38:923  [INFO      ] Created by:Zaphod (See "About" for contact)
2021-04-13 17:13:38:923  [INFO      ] Windows username: SFAJARDO
2021-04-13 17:13:38:923  [INFO      ] Running on computer: DESARROLLO02
2021-04-13 17:13:38:923  [INFO      ] ----------------------------------------------------------------
2021-04-13 17:14:33:930  [INFO      ] ----------------------------------------------------------------
2021-04-13 17:14:33:930  [INFO      ] Starting damian.exe ver 1.0.0.0
2021-04-13 17:14:33:930  [INFO      ] From D:\Dev\varcoded\Damian\DamIAn\WinApp\Win32\Debug\damian.exe
2021-04-13 17:14:33:930  [INFO      ] On martes, abril, 13 2021 05:14:33 p. m.
2021-04-13 17:14:33:930  [INFO      ] Created by:Zaphod (See "About" for contact)
2021-04-13 17:14:33:930  [INFO      ] Windows username: SFAJARDO
2021-04-13 17:14:33:930  [INFO      ] Running on computer: DESARROLLO02
2021-04-13 17:14:33:930  [INFO      ] ----------------------------------------------------------------
