2021-04-12 16:46:53:296  [INFO      ] ----------------------------------------------------------------
2021-04-12 16:46:53:296  [INFO      ] Starting damian.exe ver 1.0.0.0
2021-04-12 16:46:53:296  [INFO      ] From D:\Dev\varcoded\Damian\DamIAn\WinApp\Win64\Debug\damian.exe
2021-04-12 16:46:53:296  [INFO      ] On lunes, abril, 12 2021 04:46:53 p. m.
2021-04-12 16:46:53:327  [INFO      ] Created by:Zaphod (See "About" for contact)
2021-04-12 16:46:53:327  [INFO      ] Windows username: SFAJARDO
2021-04-12 16:46:53:327  [INFO      ] Running on computer: DESARROLLO02
2021-04-12 16:46:53:327  [INFO      ] ----------------------------------------------------------------
2021-04-12 17:04:15:830  [INFO      ] ----------------------------------------------------------------
2021-04-12 17:04:15:830  [INFO      ] Starting damian.exe ver 1.0.0.0
2021-04-12 17:04:15:830  [INFO      ] From D:\Dev\varcoded\Damian\DamIAn\WinApp\Win64\Debug\damian.exe
2021-04-12 17:04:15:830  [INFO      ] On lunes, abril, 12 2021 05:04:15 p. m.
2021-04-12 17:04:15:830  [INFO      ] Created by:Zaphod (See "About" for contact)
2021-04-12 17:04:15:830  [INFO      ] Windows username: SFAJARDO
2021-04-12 17:04:15:830  [INFO      ] Running on computer: DESARROLLO02
2021-04-12 17:04:15:830  [INFO      ] ----------------------------------------------------------------
2021-04-12 17:06:04:121  [INFO      ] ----------------------------------------------------------------
2021-04-12 17:06:04:121  [INFO      ] Starting damian.exe ver 1.0.0.0
2021-04-12 17:06:04:150  [INFO      ] From D:\Dev\varcoded\Damian\DamIAn\WinApp\Win64\Debug\damian.exe
2021-04-12 17:06:04:150  [INFO      ] On lunes, abril, 12 2021 05:06:04 p. m.
2021-04-12 17:06:04:150  [INFO      ] Created by:Zaphod (See "About" for contact)
2021-04-12 17:06:04:150  [INFO      ] Windows username: SFAJARDO
2021-04-12 17:06:04:150  [INFO      ] Running on computer: DESARROLLO02
2021-04-12 17:06:04:150  [INFO      ] ----------------------------------------------------------------
2021-04-12 17:06:49:070  [INFO      ] ----------------------------------------------------------------
2021-04-12 17:06:49:070  [INFO      ] Starting damian.exe ver 1.0.0.0
2021-04-12 17:06:49:070  [INFO      ] From D:\Dev\varcoded\Damian\DamIAn\WinApp\Win64\Debug\damian.exe
2021-04-12 17:06:49:070  [INFO      ] On lunes, abril, 12 2021 05:06:49 p. m.
2021-04-12 17:06:49:070  [INFO      ] Created by:Zaphod (See "About" for contact)
2021-04-12 17:06:49:070  [INFO      ] Windows username: SFAJARDO
2021-04-12 17:06:49:070  [INFO      ] Running on computer: DESARROLLO02
2021-04-12 17:06:49:100  [INFO      ] ----------------------------------------------------------------
2021-04-12 17:06:51:270  [INFO      ] ----------------------------------------------------------------
2021-04-12 17:06:51:270  [INFO      ] Starting damian.exe ver 1.0.0.0
2021-04-12 17:06:51:270  [INFO      ] From D:\Dev\varcoded\Damian\DamIAn\WinApp\Win64\Debug\damian.exe
2021-04-12 17:06:51:270  [INFO      ] On lunes, abril, 12 2021 05:06:51 p. m.
2021-04-12 17:06:51:270  [INFO      ] Created by:Zaphod (See "About" for contact)
2021-04-12 17:06:51:270  [INFO      ] Windows username: SFAJARDO
2021-04-12 17:06:51:270  [INFO      ] Running on computer: DESARROLLO02
2021-04-12 17:06:51:270  [INFO      ] ----------------------------------------------------------------
2021-04-12 17:06:53:431  [INFO      ] ----------------------------------------------------------------
2021-04-12 17:06:53:431  [INFO      ] Starting damian.exe ver 1.0.0.0
2021-04-12 17:06:53:431  [INFO      ] From D:\Dev\varcoded\Damian\DamIAn\WinApp\Win64\Debug\damian.exe
2021-04-12 17:06:53:431  [INFO      ] On lunes, abril, 12 2021 05:06:53 p. m.
2021-04-12 17:06:53:431  [INFO      ] Created by:Zaphod (See "About" for contact)
2021-04-12 17:06:53:431  [INFO      ] Windows username: SFAJARDO
2021-04-12 17:06:53:431  [INFO      ] Running on computer: DESARROLLO02
2021-04-12 17:06:53:431  [INFO      ] ----------------------------------------------------------------
2021-04-12 17:06:55:621  [INFO      ] ----------------------------------------------------------------
2021-04-12 17:06:55:621  [INFO      ] Starting damian.exe ver 1.0.0.0
2021-04-12 17:06:55:621  [INFO      ] From D:\Dev\varcoded\Damian\DamIAn\WinApp\Win64\Debug\damian.exe
2021-04-12 17:06:55:621  [INFO      ] On lunes, abril, 12 2021 05:06:55 p. m.
2021-04-12 17:06:55:621  [INFO      ] Created by:Zaphod (See "About" for contact)
2021-04-12 17:06:55:621  [INFO      ] Windows username: SFAJARDO
2021-04-12 17:06:55:621  [INFO      ] Running on computer: DESARROLLO02
2021-04-12 17:06:55:621  [INFO      ] ----------------------------------------------------------------
2021-04-12 17:06:57:779  [INFO      ] ----------------------------------------------------------------
2021-04-12 17:06:57:779  [INFO      ] Starting damian.exe ver 1.0.0.0
2021-04-12 17:06:57:779  [INFO      ] From D:\Dev\varcoded\Damian\DamIAn\WinApp\Win64\Debug\damian.exe
2021-04-12 17:06:57:779  [INFO      ] On lunes, abril, 12 2021 05:06:57 p. m.
2021-04-12 17:06:57:779  [INFO      ] Created by:Zaphod (See "About" for contact)
2021-04-12 17:06:57:779  [INFO      ] Windows username: SFAJARDO
2021-04-12 17:06:57:779  [INFO      ] Running on computer: DESARROLLO02
2021-04-12 17:06:57:779  [INFO      ] ----------------------------------------------------------------
2021-04-12 17:06:59:951  [INFO      ] ----------------------------------------------------------------
2021-04-12 17:06:59:951  [INFO      ] Starting damian.exe ver 1.0.0.0
2021-04-12 17:06:59:951  [INFO      ] From D:\Dev\varcoded\Damian\DamIAn\WinApp\Win64\Debug\damian.exe
2021-04-12 17:06:59:951  [INFO      ] On lunes, abril, 12 2021 05:06:59 p. m.
2021-04-12 17:06:59:951  [INFO      ] Created by:Zaphod (See "About" for contact)
2021-04-12 17:06:59:951  [INFO      ] Windows username: SFAJARDO
2021-04-12 17:06:59:951  [INFO      ] Running on computer: DESARROLLO02
2021-04-12 17:06:59:951  [INFO      ] ----------------------------------------------------------------
2021-04-12 17:07:02:119  [INFO      ] ----------------------------------------------------------------
2021-04-12 17:07:02:119  [INFO      ] Starting damian.exe ver 1.0.0.0
2021-04-12 17:07:02:119  [INFO      ] From D:\Dev\varcoded\Damian\DamIAn\WinApp\Win64\Debug\damian.exe
2021-04-12 17:07:02:119  [INFO      ] On lunes, abril, 12 2021 05:07:02 p. m.
2021-04-12 17:07:02:119  [INFO      ] Created by:Zaphod (See "About" for contact)
2021-04-12 17:07:02:119  [INFO      ] Windows username: SFAJARDO
2021-04-12 17:07:02:119  [INFO      ] Running on computer: DESARROLLO02
2021-04-12 17:07:02:119  [INFO      ] ----------------------------------------------------------------
2021-04-12 17:10:27:101  [INFO      ] ----------------------------------------------------------------
2021-04-12 17:10:27:101  [INFO      ] Starting damian.exe ver 1.0.0.0
2021-04-12 17:10:27:101  [INFO      ] From D:\Dev\varcoded\Damian\DamIAn\WinApp\Win64\Debug\damian.exe
2021-04-12 17:10:27:101  [INFO      ] On lunes, abril, 12 2021 05:10:27 p. m.
2021-04-12 17:10:27:101  [INFO      ] Created by:Zaphod (See "About" for contact)
2021-04-12 17:10:27:101  [INFO      ] Windows username: SFAJARDO
2021-04-12 17:10:27:101  [INFO      ] Running on computer: DESARROLLO02
2021-04-12 17:10:27:101  [INFO      ] ----------------------------------------------------------------
2021-04-12 17:11:06:006  [INFO      ] ----------------------------------------------------------------
2021-04-12 17:11:06:006  [INFO      ] Starting damian.exe ver 1.0.0.0
2021-04-12 17:11:06:006  [INFO      ] From D:\Dev\varcoded\Damian\DamIAn\WinApp\Win64\Debug\damian.exe
2021-04-12 17:11:06:006  [INFO      ] On lunes, abril, 12 2021 05:11:06 p. m.
2021-04-12 17:11:06:006  [INFO      ] Created by:Zaphod (See "About" for contact)
2021-04-12 17:11:06:006  [INFO      ] Windows username: SFAJARDO
2021-04-12 17:11:06:006  [INFO      ] Running on computer: DESARROLLO02
2021-04-12 17:11:06:006  [INFO      ] ----------------------------------------------------------------
2021-04-12 17:12:39:717  [INFO      ] ----------------------------------------------------------------
2021-04-12 17:12:39:717  [INFO      ] Starting damian.exe ver 1.0.0.0
2021-04-12 17:12:39:717  [INFO      ] From D:\Dev\varcoded\Damian\DamIAn\WinApp\Win64\Debug\damian.exe
2021-04-12 17:12:39:717  [INFO      ] On lunes, abril, 12 2021 05:12:39 p. m.
2021-04-12 17:12:39:717  [INFO      ] Created by:Zaphod (See "About" for contact)
2021-04-12 17:12:39:717  [INFO      ] Windows username: SFAJARDO
2021-04-12 17:12:39:717  [INFO      ] Running on computer: DESARROLLO02
2021-04-12 17:12:39:717  [INFO      ] ----------------------------------------------------------------
2021-04-12 17:14:08:668  [INFO      ] ----------------------------------------------------------------
2021-04-12 17:14:08:668  [INFO      ] Starting damian.exe ver 1.0.0.0
2021-04-12 17:14:08:668  [INFO      ] From D:\Dev\varcoded\Damian\DamIAn\WinApp\Win64\Debug\damian.exe
2021-04-12 17:14:08:668  [INFO      ] On lunes, abril, 12 2021 05:14:08 p. m.
2021-04-12 17:14:08:668  [INFO      ] Created by:Zaphod (See "About" for contact)
2021-04-12 17:14:08:668  [INFO      ] Windows username: SFAJARDO
2021-04-12 17:14:08:668  [INFO      ] Running on computer: DESARROLLO02
2021-04-12 17:14:08:668  [INFO      ] ----------------------------------------------------------------
2021-04-12 17:17:06:755  [INFO      ] ----------------------------------------------------------------
2021-04-12 17:17:06:755  [INFO      ] Starting damian.exe ver 1.0.0.0
2021-04-12 17:17:06:755  [INFO      ] From D:\Dev\varcoded\Damian\DamIAn\WinApp\Win64\Debug\damian.exe
2021-04-12 17:17:06:755  [INFO      ] On lunes, abril, 12 2021 05:17:06 p. m.
2021-04-12 17:17:06:755  [INFO      ] Created by:Zaphod (See "About" for contact)
2021-04-12 17:17:06:755  [INFO      ] Windows username: SFAJARDO
2021-04-12 17:17:06:755  [INFO      ] Running on computer: DESARROLLO02
2021-04-12 17:17:06:755  [INFO      ] ----------------------------------------------------------------
2021-04-12 17:17:56:081  [INFO      ] ----------------------------------------------------------------
2021-04-12 17:17:56:081  [INFO      ] Starting damian.exe ver 1.0.0.0
2021-04-12 17:17:56:081  [INFO      ] From D:\Dev\varcoded\Damian\DamIAn\WinApp\Win64\Debug\damian.exe
2021-04-12 17:17:56:081  [INFO      ] On lunes, abril, 12 2021 05:17:56 p. m.
2021-04-12 17:17:56:081  [INFO      ] Created by:Zaphod (See "About" for contact)
2021-04-12 17:17:56:081  [INFO      ] Windows username: SFAJARDO
2021-04-12 17:17:56:081  [INFO      ] Running on computer: DESARROLLO02
2021-04-12 17:17:56:081  [INFO      ] ----------------------------------------------------------------
2021-04-12 17:21:37:159  [INFO      ] ----------------------------------------------------------------
2021-04-12 17:21:37:159  [INFO      ] Starting damian.exe ver 1.0.0.0
2021-04-12 17:21:37:159  [INFO      ] From D:\Dev\varcoded\Damian\DamIAn\WinApp\Win64\Debug\damian.exe
2021-04-12 17:21:37:159  [INFO      ] On lunes, abril, 12 2021 05:21:37 p. m.
2021-04-12 17:21:37:159  [INFO      ] Created by:Zaphod (See "About" for contact)
2021-04-12 17:21:37:159  [INFO      ] Windows username: SFAJARDO
2021-04-12 17:21:37:159  [INFO      ] Running on computer: DESARROLLO02
2021-04-12 17:21:37:159  [INFO      ] ----------------------------------------------------------------
2021-04-12 17:23:14:627  [INFO      ] ----------------------------------------------------------------
2021-04-12 17:23:14:627  [INFO      ] Starting damian.exe ver 1.0.0.0
2021-04-12 17:23:14:627  [INFO      ] From D:\Dev\varcoded\Damian\DamIAn\WinApp\Win64\Debug\damian.exe
2021-04-12 17:23:14:655  [INFO      ] On lunes, abril, 12 2021 05:23:14 p. m.
2021-04-12 17:23:14:655  [INFO      ] Created by:Zaphod (See "About" for contact)
2021-04-12 17:23:14:655  [INFO      ] Windows username: SFAJARDO
2021-04-12 17:23:14:655  [INFO      ] Running on computer: DESARROLLO02
2021-04-12 17:23:14:655  [INFO      ] ----------------------------------------------------------------
2021-04-12 17:23:27:900  [INFO      ] ----------------------------------------------------------------
2021-04-12 17:23:27:900  [INFO      ] Starting damian.exe ver 1.0.0.0
2021-04-12 17:23:27:900  [INFO      ] From D:\Dev\varcoded\Damian\DamIAn\WinApp\Win64\Debug\damian.exe
2021-04-12 17:23:27:900  [INFO      ] On lunes, abril, 12 2021 05:23:27 p. m.
2021-04-12 17:23:27:900  [INFO      ] Created by:Zaphod (See "About" for contact)
2021-04-12 17:23:27:900  [INFO      ] Windows username: SFAJARDO
2021-04-12 17:23:27:900  [INFO      ] Running on computer: DESARROLLO02
2021-04-12 17:23:27:900  [INFO      ] ----------------------------------------------------------------
2021-04-12 17:41:46:400  [INFO      ] ----------------------------------------------------------------
2021-04-12 17:41:46:428  [INFO      ] Starting damian.exe ver 1.0.0.0
2021-04-12 17:41:46:429  [INFO      ] From D:\Dev\varcoded\Damian\DamIAn\WinApp\Win64\Debug\damian.exe
2021-04-12 17:41:46:429  [INFO      ] On lunes, abril, 12 2021 05:41:46 p. m.
2021-04-12 17:41:46:429  [INFO      ] Created by:Zaphod (See "About" for contact)
2021-04-12 17:41:46:429  [INFO      ] Windows username: SFAJARDO
2021-04-12 17:41:46:429  [INFO      ] Running on computer: DESARROLLO02
2021-04-12 17:41:46:429  [INFO      ] ----------------------------------------------------------------
2021-04-12 17:44:05:240  [INFO      ] ----------------------------------------------------------------
2021-04-12 17:44:05:240  [INFO      ] Starting damian.exe ver 1.0.0.0
2021-04-12 17:44:05:240  [INFO      ] From D:\Dev\varcoded\Damian\DamIAn\WinApp\Win64\Debug\damian.exe
2021-04-12 17:44:05:240  [INFO      ] On lunes, abril, 12 2021 05:44:05 p. m.
2021-04-12 17:44:05:240  [INFO      ] Created by:Zaphod (See "About" for contact)
2021-04-12 17:44:05:240  [INFO      ] Windows username: SFAJARDO
2021-04-12 17:44:05:240  [INFO      ] Running on computer: DESARROLLO02
2021-04-12 17:44:05:240  [INFO      ] ----------------------------------------------------------------
2021-04-12 17:46:05:577  [INFO      ] ----------------------------------------------------------------
2021-04-12 17:46:05:577  [INFO      ] Starting damian.exe ver 1.0.0.0
2021-04-12 17:46:05:577  [INFO      ] From D:\Dev\varcoded\Damian\DamIAn\WinApp\Win64\Debug\damian.exe
2021-04-12 17:46:05:577  [INFO      ] On lunes, abril, 12 2021 05:46:05 p. m.
2021-04-12 17:46:05:577  [INFO      ] Created by:Zaphod (See "About" for contact)
2021-04-12 17:46:05:610  [INFO      ] Windows username: SFAJARDO
2021-04-12 17:46:05:610  [INFO      ] Running on computer: DESARROLLO02
2021-04-12 17:46:05:610  [INFO      ] ----------------------------------------------------------------
2021-04-12 17:53:09:188  [INFO      ] ----------------------------------------------------------------
2021-04-12 17:53:09:188  [INFO      ] Starting damian.exe ver 1.0.0.0
2021-04-12 17:53:09:188  [INFO      ] From D:\Dev\varcoded\Damian\DamIAn\WinApp\Win64\Debug\damian.exe
2021-04-12 17:53:09:188  [INFO      ] On lunes, abril, 12 2021 05:53:09 p. m.
2021-04-12 17:53:09:188  [INFO      ] Created by:Zaphod (See "About" for contact)
2021-04-12 17:53:09:188  [INFO      ] Windows username: SFAJARDO
2021-04-12 17:53:09:217  [INFO      ] Running on computer: DESARROLLO02
2021-04-12 17:53:09:217  [INFO      ] ----------------------------------------------------------------
2021-04-12 17:53:35:501  [INFO      ] ----------------------------------------------------------------
2021-04-12 17:53:35:538  [INFO      ] Starting damian.exe ver 1.0.0.0
2021-04-12 17:53:35:538  [INFO      ] From D:\Dev\varcoded\Damian\DamIAn\WinApp\Win64\Debug\damian.exe
2021-04-12 17:53:35:538  [INFO      ] On lunes, abril, 12 2021 05:53:35 p. m.
2021-04-12 17:53:35:538  [INFO      ] Created by:Zaphod (See "About" for contact)
2021-04-12 17:53:35:538  [INFO      ] Windows username: SFAJARDO
2021-04-12 17:53:35:538  [INFO      ] Running on computer: DESARROLLO02
2021-04-12 17:53:35:538  [INFO      ] ----------------------------------------------------------------
2021-04-12 17:57:10:150  [INFO      ] ----------------------------------------------------------------
2021-04-12 17:57:10:150  [INFO      ] Starting damian.exe ver 1.0.0.0
2021-04-12 17:57:10:150  [INFO      ] From D:\Dev\varcoded\Damian\DamIAn\WinApp\Win64\Debug\damian.exe
2021-04-12 17:57:10:150  [INFO      ] On lunes, abril, 12 2021 05:57:10 p. m.
2021-04-12 17:57:10:183  [INFO      ] Created by:Zaphod (See "About" for contact)
2021-04-12 17:57:10:183  [INFO      ] Windows username: SFAJARDO
2021-04-12 17:57:10:183  [INFO      ] Running on computer: DESARROLLO02
2021-04-12 17:57:10:183  [INFO      ] ----------------------------------------------------------------
2021-04-12 17:58:45:722  [INFO      ] ----------------------------------------------------------------
2021-04-12 17:58:45:722  [INFO      ] Starting damian.exe ver 1.0.0.0
2021-04-12 17:58:45:722  [INFO      ] From D:\Dev\varcoded\Damian\DamIAn\WinApp\Win64\Debug\damian.exe
2021-04-12 17:58:45:722  [INFO      ] On lunes, abril, 12 2021 05:58:45 p. m.
2021-04-12 17:58:45:753  [INFO      ] Created by:Zaphod (See "About" for contact)
2021-04-12 17:58:45:753  [INFO      ] Windows username: SFAJARDO
2021-04-12 17:58:45:753  [INFO      ] Running on computer: DESARROLLO02
2021-04-12 17:58:45:753  [INFO      ] ----------------------------------------------------------------
2021-04-13 09:24:33:069  [INFO      ] ----------------------------------------------------------------
2021-04-13 09:24:33:069  [INFO      ] Starting damian.exe ver 1.0.0.0
2021-04-13 09:24:33:069  [INFO      ] From D:\Dev\varcoded\Damian\DamIAn\WinApp\Win64\Debug\damian.exe
2021-04-13 09:24:33:069  [INFO      ] On martes, abril, 13 2021 09:24:33 a. m.
2021-04-13 09:24:33:069  [INFO      ] Created by:Zaphod (See "About" for contact)
2021-04-13 09:24:33:069  [INFO      ] Windows username: SFAJARDO
2021-04-13 09:24:33:069  [INFO      ] Running on computer: DESARROLLO02
2021-04-13 09:24:33:069  [INFO      ] ----------------------------------------------------------------
2021-04-13 09:41:55:100  [INFO      ] ----------------------------------------------------------------
2021-04-13 09:41:55:130  [INFO      ] Starting damian.exe ver 1.0.0.0
2021-04-13 09:41:55:130  [INFO      ] From D:\Dev\varcoded\Damian\DamIAn\WinApp\Win64\Debug\damian.exe
2021-04-13 09:41:55:130  [INFO      ] On martes, abril, 13 2021 09:41:55 a. m.
2021-04-13 09:41:55:130  [INFO      ] Created by:Zaphod (See "About" for contact)
2021-04-13 09:41:55:130  [INFO      ] Windows username: SFAJARDO
2021-04-13 09:41:55:130  [INFO      ] Running on computer: DESARROLLO02
2021-04-13 09:41:55:130  [INFO      ] ----------------------------------------------------------------
2021-04-13 09:43:15:382  [INFO      ] ----------------------------------------------------------------
2021-04-13 09:43:15:417  [INFO      ] Starting damian.exe ver 1.0.0.0
2021-04-13 09:43:15:417  [INFO      ] From D:\Dev\varcoded\Damian\DamIAn\WinApp\Win64\Debug\damian.exe
2021-04-13 09:43:15:417  [INFO      ] On martes, abril, 13 2021 09:43:15 a. m.
2021-04-13 09:43:15:417  [INFO      ] Created by:Zaphod (See "About" for contact)
2021-04-13 09:43:15:417  [INFO      ] Windows username: SFAJARDO
2021-04-13 09:43:15:417  [INFO      ] Running on computer: DESARROLLO02
2021-04-13 09:43:15:417  [INFO      ] ----------------------------------------------------------------
2021-04-13 09:44:30:324  [INFO      ] ----------------------------------------------------------------
2021-04-13 09:44:30:324  [INFO      ] Starting damian.exe ver 1.0.0.0
2021-04-13 09:44:30:324  [INFO      ] From D:\Dev\varcoded\Damian\DamIAn\WinApp\Win64\Debug\damian.exe
2021-04-13 09:44:30:324  [INFO      ] On martes, abril, 13 2021 09:44:30 a. m.
2021-04-13 09:44:30:324  [INFO      ] Created by:Zaphod (See "About" for contact)
2021-04-13 09:44:30:324  [INFO      ] Windows username: SFAJARDO
2021-04-13 09:44:30:324  [INFO      ] Running on computer: DESARROLLO02
2021-04-13 09:44:30:324  [INFO      ] ----------------------------------------------------------------
2021-04-13 09:45:01:335  [INFO      ] ----------------------------------------------------------------
2021-04-13 09:45:01:335  [INFO      ] Starting damian.exe ver 1.0.0.0
2021-04-13 09:45:01:335  [INFO      ] From D:\Dev\varcoded\Damian\DamIAn\WinApp\Win64\Debug\damian.exe
2021-04-13 09:45:01:335  [INFO      ] On martes, abril, 13 2021 09:45:01 a. m.
2021-04-13 09:45:01:335  [INFO      ] Created by:Zaphod (See "About" for contact)
2021-04-13 09:45:01:335  [INFO      ] Windows username: SFAJARDO
2021-04-13 09:45:01:335  [INFO      ] Running on computer: DESARROLLO02
2021-04-13 09:45:01:335  [INFO      ] ----------------------------------------------------------------
2021-04-13 09:45:13:958  [INFO      ] ----------------------------------------------------------------
2021-04-13 09:45:13:958  [INFO      ] Starting damian.exe ver 1.0.0.0
2021-04-13 09:45:13:958  [INFO      ] From D:\Dev\varcoded\Damian\DamIAn\WinApp\Win64\Debug\damian.exe
2021-04-13 09:45:13:958  [INFO      ] On martes, abril, 13 2021 09:45:13 a. m.
2021-04-13 09:45:13:958  [INFO      ] Created by:Zaphod (See "About" for contact)
2021-04-13 09:45:13:958  [INFO      ] Windows username: SFAJARDO
2021-04-13 09:45:13:958  [INFO      ] Running on computer: DESARROLLO02
2021-04-13 09:45:13:958  [INFO      ] ----------------------------------------------------------------
2021-04-13 11:59:29:580  [INFO      ] ----------------------------------------------------------------
2021-04-13 11:59:29:611  [INFO      ] Starting damian.exe ver 1.0.0.0
2021-04-13 11:59:29:611  [INFO      ] From D:\Dev\varcoded\Damian\DamIAn\WinApp\Win64\Debug\damian.exe
2021-04-13 11:59:29:611  [INFO      ] On martes, abril, 13 2021 11:59:29 a. m.
2021-04-13 11:59:29:611  [INFO      ] Created by:Zaphod (See "About" for contact)
2021-04-13 11:59:29:611  [INFO      ] Windows username: SFAJARDO
2021-04-13 11:59:29:611  [INFO      ] Running on computer: DESARROLLO02
2021-04-13 11:59:29:611  [INFO      ] ----------------------------------------------------------------
2021-04-13 12:07:40:085  [INFO      ] ----------------------------------------------------------------
2021-04-13 12:07:40:085  [INFO      ] Starting damian.exe ver 1.0.0.0
2021-04-13 12:07:40:085  [INFO      ] From D:\Dev\varcoded\Damian\DamIAn\WinApp\Win64\Debug\damian.exe
2021-04-13 12:07:40:085  [INFO      ] On martes, abril, 13 2021 12:07:40 p. m.
2021-04-13 12:07:40:085  [INFO      ] Created by:Zaphod (See "About" for contact)
2021-04-13 12:07:40:085  [INFO      ] Windows username: SFAJARDO
2021-04-13 12:07:40:085  [INFO      ] Running on computer: DESARROLLO02
2021-04-13 12:07:40:085  [INFO      ] ----------------------------------------------------------------
2021-04-13 12:08:01:864  [INFO      ] ----------------------------------------------------------------
2021-04-13 12:08:01:864  [INFO      ] Starting damian.exe ver 1.0.0.0
2021-04-13 12:08:01:864  [INFO      ] From D:\Dev\varcoded\Damian\DamIAn\WinApp\Win64\Debug\damian.exe
2021-04-13 12:08:01:864  [INFO      ] On martes, abril, 13 2021 12:08:01 p. m.
2021-04-13 12:08:01:864  [INFO      ] Created by:Zaphod (See "About" for contact)
2021-04-13 12:08:01:898  [INFO      ] Windows username: SFAJARDO
2021-04-13 12:08:01:898  [INFO      ] Running on computer: DESARROLLO02
2021-04-13 12:08:01:898  [INFO      ] ----------------------------------------------------------------
2021-04-13 12:09:37:356  [INFO      ] ----------------------------------------------------------------
2021-04-13 12:09:37:356  [INFO      ] Starting damian.exe ver 1.0.0.0
2021-04-13 12:09:37:356  [INFO      ] From D:\Dev\varcoded\Damian\DamIAn\WinApp\Win64\Debug\damian.exe
2021-04-13 12:09:37:356  [INFO      ] On martes, abril, 13 2021 12:09:37 p. m.
2021-04-13 12:09:37:356  [INFO      ] Created by:Zaphod (See "About" for contact)
2021-04-13 12:09:37:388  [INFO      ] Windows username: SFAJARDO
2021-04-13 12:09:37:388  [INFO      ] Running on computer: DESARROLLO02
2021-04-13 12:09:37:388  [INFO      ] ----------------------------------------------------------------
2021-04-13 12:12:56:649  [INFO      ] ----------------------------------------------------------------
2021-04-13 12:12:56:681  [INFO      ] Starting damian.exe ver 1.0.0.0
2021-04-13 12:12:56:681  [INFO      ] From D:\Dev\varcoded\Damian\DamIAn\WinApp\Win64\Debug\damian.exe
2021-04-13 12:12:56:681  [INFO      ] On martes, abril, 13 2021 12:12:56 p. m.
2021-04-13 12:12:56:681  [INFO      ] Created by:Zaphod (See "About" for contact)
2021-04-13 12:12:56:681  [INFO      ] Windows username: SFAJARDO
2021-04-13 12:12:56:681  [INFO      ] Running on computer: DESARROLLO02
2021-04-13 12:12:56:681  [INFO      ] ----------------------------------------------------------------
2021-04-13 12:13:44:685  [INFO      ] ----------------------------------------------------------------
2021-04-13 12:13:44:686  [INFO      ] Starting damian.exe ver 1.0.0.0
2021-04-13 12:13:44:715  [INFO      ] From D:\Dev\varcoded\Damian\DamIAn\WinApp\Win64\Debug\damian.exe
2021-04-13 12:13:44:715  [INFO      ] On martes, abril, 13 2021 12:13:44 p. m.
2021-04-13 12:13:44:715  [INFO      ] Created by:Zaphod (See "About" for contact)
2021-04-13 12:13:44:715  [INFO      ] Windows username: SFAJARDO
2021-04-13 12:13:44:715  [INFO      ] Running on computer: DESARROLLO02
2021-04-13 12:13:44:715  [INFO      ] ----------------------------------------------------------------
2021-04-13 12:14:31:531  [INFO      ] ----------------------------------------------------------------
2021-04-13 12:14:31:531  [INFO      ] Starting damian.exe ver 1.0.0.0
2021-04-13 12:14:31:531  [INFO      ] From D:\Dev\varcoded\Damian\DamIAn\WinApp\Win64\Debug\damian.exe
2021-04-13 12:14:31:531  [INFO      ] On martes, abril, 13 2021 12:14:31 p. m.
2021-04-13 12:14:31:531  [INFO      ] Created by:Zaphod (See "About" for contact)
2021-04-13 12:14:31:565  [INFO      ] Windows username: SFAJARDO
2021-04-13 12:14:31:565  [INFO      ] Running on computer: DESARROLLO02
2021-04-13 12:14:31:565  [INFO      ] ----------------------------------------------------------------
2021-04-13 12:16:39:220  [INFO      ] ----------------------------------------------------------------
2021-04-13 12:16:39:220  [INFO      ] Starting damian.exe ver 1.0.0.0
2021-04-13 12:16:39:220  [INFO      ] From D:\Dev\varcoded\Damian\DamIAn\WinApp\Win64\Debug\damian.exe
2021-04-13 12:16:39:220  [INFO      ] On martes, abril, 13 2021 12:16:39 p. m.
2021-04-13 12:16:39:220  [INFO      ] Created by:Zaphod (See "About" for contact)
2021-04-13 12:16:39:220  [INFO      ] Windows username: SFAJARDO
2021-04-13 12:16:39:220  [INFO      ] Running on computer: DESARROLLO02
2021-04-13 12:16:39:220  [INFO      ] ----------------------------------------------------------------
2021-04-13 12:17:08:192  [INFO      ] ----------------------------------------------------------------
2021-04-13 12:17:08:192  [INFO      ] Starting damian.exe ver 1.0.0.0
2021-04-13 12:17:08:192  [INFO      ] From D:\Dev\varcoded\Damian\DamIAn\WinApp\Win64\Debug\damian.exe
2021-04-13 12:17:08:192  [INFO      ] On martes, abril, 13 2021 12:17:08 p. m.
2021-04-13 12:17:08:192  [INFO      ] Created by:Zaphod (See "About" for contact)
2021-04-13 12:17:08:192  [INFO      ] Windows username: SFAJARDO
2021-04-13 12:17:08:192  [INFO      ] Running on computer: DESARROLLO02
2021-04-13 12:17:08:192  [INFO      ] ----------------------------------------------------------------
2021-04-13 12:17:28:609  [INFO      ] ----------------------------------------------------------------
2021-04-13 12:17:28:609  [INFO      ] Starting damian.exe ver 1.0.0.0
2021-04-13 12:17:28:609  [INFO      ] From D:\Dev\varcoded\Damian\DamIAn\WinApp\Win64\Debug\damian.exe
2021-04-13 12:17:28:609  [INFO      ] On martes, abril, 13 2021 12:17:28 p. m.
2021-04-13 12:17:28:609  [INFO      ] Created by:Zaphod (See "About" for contact)
2021-04-13 12:17:28:640  [INFO      ] Windows username: SFAJARDO
2021-04-13 12:17:28:640  [INFO      ] Running on computer: DESARROLLO02
2021-04-13 12:17:28:640  [INFO      ] ----------------------------------------------------------------
2021-04-13 12:23:48:583  [INFO      ] ----------------------------------------------------------------
2021-04-13 12:23:48:583  [INFO      ] Starting damian.exe ver 1.0.0.0
2021-04-13 12:23:48:583  [INFO      ] From D:\Dev\varcoded\Damian\DamIAn\WinApp\Win64\Debug\damian.exe
2021-04-13 12:23:48:583  [INFO      ] On martes, abril, 13 2021 12:23:48 p. m.
2021-04-13 12:23:48:583  [INFO      ] Created by:Zaphod (See "About" for contact)
2021-04-13 12:23:48:583  [INFO      ] Windows username: SFAJARDO
2021-04-13 12:23:48:583  [INFO      ] Running on computer: DESARROLLO02
2021-04-13 12:23:48:583  [INFO      ] ----------------------------------------------------------------
2021-04-13 12:24:04:260  [INFO      ] ----------------------------------------------------------------
2021-04-13 12:24:04:260  [INFO      ] Starting damian.exe ver 1.0.0.0
2021-04-13 12:24:04:260  [INFO      ] From D:\Dev\varcoded\Damian\DamIAn\WinApp\Win64\Debug\damian.exe
2021-04-13 12:24:04:260  [INFO      ] On martes, abril, 13 2021 12:24:04 p. m.
2021-04-13 12:24:04:260  [INFO      ] Created by:Zaphod (See "About" for contact)
2021-04-13 12:24:04:260  [INFO      ] Windows username: SFAJARDO
2021-04-13 12:24:04:260  [INFO      ] Running on computer: DESARROLLO02
2021-04-13 12:24:04:260  [INFO      ] ----------------------------------------------------------------
2021-04-13 12:24:12:770  [INFO      ] ----------------------------------------------------------------
2021-04-13 12:24:12:770  [INFO      ] Starting damian.exe ver 1.0.0.0
2021-04-13 12:24:12:770  [INFO      ] From D:\Dev\varcoded\Damian\DamIAn\WinApp\Win64\Debug\damian.exe
2021-04-13 12:24:12:770  [INFO      ] On martes, abril, 13 2021 12:24:12 p. m.
2021-04-13 12:24:12:770  [INFO      ] Created by:Zaphod (See "About" for contact)
2021-04-13 12:24:12:770  [INFO      ] Windows username: SFAJARDO
2021-04-13 12:24:12:770  [INFO      ] Running on computer: DESARROLLO02
2021-04-13 12:24:12:770  [INFO      ] ----------------------------------------------------------------
2021-04-13 12:28:36:192  [INFO      ] ----------------------------------------------------------------
2021-04-13 12:28:36:223  [INFO      ] Starting damian.exe ver 1.0.0.0
2021-04-13 12:28:36:223  [INFO      ] From D:\Dev\varcoded\Damian\DamIAn\WinApp\Win64\Debug\damian.exe
2021-04-13 12:28:36:223  [INFO      ] On martes, abril, 13 2021 12:28:36 p. m.
2021-04-13 12:28:36:223  [INFO      ] Created by:Zaphod (See "About" for contact)
2021-04-13 12:28:36:223  [INFO      ] Windows username: SFAJARDO
2021-04-13 12:28:36:223  [INFO      ] Running on computer: DESARROLLO02
2021-04-13 12:28:36:223  [INFO      ] ----------------------------------------------------------------
2021-04-13 12:30:54:946  [INFO      ] ----------------------------------------------------------------
2021-04-13 12:30:54:976  [INFO      ] Starting damian.exe ver 1.0.0.0
2021-04-13 12:30:54:976  [INFO      ] From D:\Dev\varcoded\Damian\DamIAn\WinApp\Win64\Debug\damian.exe
2021-04-13 12:30:54:976  [INFO      ] On martes, abril, 13 2021 12:30:54 p. m.
2021-04-13 12:30:54:976  [INFO      ] Created by:Zaphod (See "About" for contact)
2021-04-13 12:30:54:976  [INFO      ] Windows username: SFAJARDO
2021-04-13 12:30:54:976  [INFO      ] Running on computer: DESARROLLO02
2021-04-13 12:30:54:976  [INFO      ] ----------------------------------------------------------------
2021-04-13 12:31:50:751  [INFO      ] ----------------------------------------------------------------
2021-04-13 12:31:50:782  [INFO      ] Starting damian.exe ver 1.0.0.0
2021-04-13 12:31:50:782  [INFO      ] From D:\Dev\varcoded\Damian\DamIAn\WinApp\Win64\Debug\damian.exe
2021-04-13 12:31:50:782  [INFO      ] On martes, abril, 13 2021 12:31:50 p. m.
2021-04-13 12:31:50:782  [INFO      ] Created by:Zaphod (See "About" for contact)
2021-04-13 12:31:50:782  [INFO      ] Windows username: SFAJARDO
2021-04-13 12:31:50:782  [INFO      ] Running on computer: DESARROLLO02
2021-04-13 12:31:50:782  [INFO      ] ----------------------------------------------------------------
2021-04-13 12:33:31:291  [INFO      ] ----------------------------------------------------------------
2021-04-13 12:33:31:291  [INFO      ] Starting damian.exe ver 1.0.0.0
2021-04-13 12:33:31:291  [INFO      ] From D:\Dev\varcoded\Damian\DamIAn\WinApp\Win64\Debug\damian.exe
2021-04-13 12:33:31:291  [INFO      ] On martes, abril, 13 2021 12:33:31 p. m.
2021-04-13 12:33:31:291  [INFO      ] Created by:Zaphod (See "About" for contact)
2021-04-13 12:33:31:291  [INFO      ] Windows username: SFAJARDO
2021-04-13 12:33:31:291  [INFO      ] Running on computer: DESARROLLO02
2021-04-13 12:33:31:291  [INFO      ] ----------------------------------------------------------------
2021-04-13 12:34:01:176  [INFO      ] ----------------------------------------------------------------
2021-04-13 12:34:01:176  [INFO      ] Starting damian.exe ver 1.0.0.0
2021-04-13 12:34:01:176  [INFO      ] From D:\Dev\varcoded\Damian\DamIAn\WinApp\Win64\Debug\damian.exe
2021-04-13 12:34:01:176  [INFO      ] On martes, abril, 13 2021 12:34:01 p. m.
2021-04-13 12:34:01:176  [INFO      ] Created by:Zaphod (See "About" for contact)
2021-04-13 12:34:01:176  [INFO      ] Windows username: SFAJARDO
2021-04-13 12:34:01:208  [INFO      ] Running on computer: DESARROLLO02
2021-04-13 12:34:01:208  [INFO      ] ----------------------------------------------------------------
2021-04-13 12:35:38:924  [INFO      ] ----------------------------------------------------------------
2021-04-13 12:35:38:924  [INFO      ] Starting damian.exe ver 1.0.0.0
2021-04-13 12:35:38:924  [INFO      ] From D:\Dev\varcoded\Damian\DamIAn\WinApp\Win64\Debug\damian.exe
2021-04-13 12:35:38:924  [INFO      ] On martes, abril, 13 2021 12:35:38 p. m.
2021-04-13 12:35:38:955  [INFO      ] Created by:Zaphod (See "About" for contact)
2021-04-13 12:35:38:955  [INFO      ] Windows username: SFAJARDO
2021-04-13 12:35:38:955  [INFO      ] Running on computer: DESARROLLO02
2021-04-13 12:35:38:955  [INFO      ] ----------------------------------------------------------------
2021-04-13 12:38:40:866  [INFO      ] ----------------------------------------------------------------
2021-04-13 12:38:40:897  [INFO      ] Starting damian.exe ver 1.0.0.0
2021-04-13 12:38:40:897  [INFO      ] From D:\Dev\varcoded\Damian\DamIAn\WinApp\Win64\Debug\damian.exe
2021-04-13 12:38:40:897  [INFO      ] On martes, abril, 13 2021 12:38:40 p. m.
2021-04-13 12:38:40:897  [INFO      ] Created by:Zaphod (See "About" for contact)
2021-04-13 12:38:40:897  [INFO      ] Windows username: SFAJARDO
2021-04-13 12:38:40:897  [INFO      ] Running on computer: DESARROLLO02
2021-04-13 12:38:40:897  [INFO      ] ----------------------------------------------------------------
2021-04-13 14:28:38:448  [INFO      ] ----------------------------------------------------------------
2021-04-13 14:28:38:448  [INFO      ] Starting damian.exe ver 1.0.0.0
2021-04-13 14:28:38:448  [INFO      ] From D:\Dev\varcoded\Damian\DamIAn\WinApp\Win64\Debug\damian.exe
2021-04-13 14:28:38:448  [INFO      ] On martes, abril, 13 2021 02:28:38 p. m.
2021-04-13 14:28:38:448  [INFO      ] Created by:Zaphod (See "About" for contact)
2021-04-13 14:28:38:448  [INFO      ] Windows username: SFAJARDO
2021-04-13 14:28:38:448  [INFO      ] Running on computer: DESARROLLO02
2021-04-13 14:28:38:448  [INFO      ] ----------------------------------------------------------------
2021-04-13 14:28:58:697  [INFO      ] ----------------------------------------------------------------
2021-04-13 14:28:58:697  [INFO      ] Starting damian.exe ver 1.0.0.0
2021-04-13 14:28:58:697  [INFO      ] From D:\Dev\varcoded\Damian\DamIAn\WinApp\Win64\Debug\damian.exe
2021-04-13 14:28:58:697  [INFO      ] On martes, abril, 13 2021 02:28:58 p. m.
2021-04-13 14:28:58:697  [INFO      ] Created by:Zaphod (See "About" for contact)
2021-04-13 14:28:58:697  [INFO      ] Windows username: SFAJARDO
2021-04-13 14:28:58:697  [INFO      ] Running on computer: DESARROLLO02
2021-04-13 14:28:58:697  [INFO      ] ----------------------------------------------------------------
2021-04-13 14:29:25:301  [INFO      ] ----------------------------------------------------------------
2021-04-13 14:29:25:330  [INFO      ] Starting damian.exe ver 1.0.0.0
2021-04-13 14:29:25:330  [INFO      ] From D:\Dev\varcoded\Damian\DamIAn\WinApp\Win64\Debug\damian.exe
2021-04-13 14:29:25:330  [INFO      ] On martes, abril, 13 2021 02:29:25 p. m.
2021-04-13 14:29:25:330  [INFO      ] Created by:Zaphod (See "About" for contact)
2021-04-13 14:29:25:330  [INFO      ] Windows username: SFAJARDO
2021-04-13 14:29:25:330  [INFO      ] Running on computer: DESARROLLO02
2021-04-13 14:29:25:330  [INFO      ] ----------------------------------------------------------------
2021-04-13 14:29:52:663  [INFO      ] ----------------------------------------------------------------
2021-04-13 14:29:52:663  [INFO      ] Starting damian.exe ver 1.0.0.0
2021-04-13 14:29:52:663  [INFO      ] From D:\Dev\varcoded\Damian\DamIAn\WinApp\Win64\Debug\damian.exe
2021-04-13 14:29:52:663  [INFO      ] On martes, abril, 13 2021 02:29:52 p. m.
2021-04-13 14:29:52:663  [INFO      ] Created by:Zaphod (See "About" for contact)
2021-04-13 14:29:52:663  [INFO      ] Windows username: SFAJARDO
2021-04-13 14:29:52:694  [INFO      ] Running on computer: DESARROLLO02
2021-04-13 14:29:52:694  [INFO      ] ----------------------------------------------------------------
2021-04-13 14:30:05:446  [INFO      ] ----------------------------------------------------------------
2021-04-13 14:30:05:446  [INFO      ] Starting damian.exe ver 1.0.0.0
2021-04-13 14:30:05:446  [INFO      ] From D:\Dev\varcoded\Damian\DamIAn\WinApp\Win64\Debug\damian.exe
2021-04-13 14:30:05:446  [INFO      ] On martes, abril, 13 2021 02:30:05 p. m.
2021-04-13 14:30:05:446  [INFO      ] Created by:Zaphod (See "About" for contact)
2021-04-13 14:30:05:446  [INFO      ] Windows username: SFAJARDO
2021-04-13 14:30:05:446  [INFO      ] Running on computer: DESARROLLO02
2021-04-13 14:30:05:446  [INFO      ] ----------------------------------------------------------------
2021-04-13 14:30:37:448  [INFO      ] ----------------------------------------------------------------
2021-04-13 14:30:37:448  [INFO      ] Starting damian.exe ver 1.0.0.0
2021-04-13 14:30:37:448  [INFO      ] From D:\Dev\varcoded\Damian\DamIAn\WinApp\Win64\Debug\damian.exe
2021-04-13 14:30:37:448  [INFO      ] On martes, abril, 13 2021 02:30:37 p. m.
2021-04-13 14:30:37:448  [INFO      ] Created by:Zaphod (See "About" for contact)
2021-04-13 14:30:37:448  [INFO      ] Windows username: SFAJARDO
2021-04-13 14:30:37:448  [INFO      ] Running on computer: DESARROLLO02
2021-04-13 14:30:37:448  [INFO      ] ----------------------------------------------------------------
2021-04-13 14:30:52:479  [INFO      ] ----------------------------------------------------------------
2021-04-13 14:30:52:479  [INFO      ] Starting damian.exe ver 1.0.0.0
2021-04-13 14:30:52:479  [INFO      ] From D:\Dev\varcoded\Damian\DamIAn\WinApp\Win64\Debug\damian.exe
2021-04-13 14:30:52:479  [INFO      ] On martes, abril, 13 2021 02:30:52 p. m.
2021-04-13 14:30:52:479  [INFO      ] Created by:Zaphod (See "About" for contact)
2021-04-13 14:30:52:479  [INFO      ] Windows username: SFAJARDO
2021-04-13 14:30:52:479  [INFO      ] Running on computer: DESARROLLO02
2021-04-13 14:30:52:479  [INFO      ] ----------------------------------------------------------------
2021-04-13 14:31:14:275  [INFO      ] ----------------------------------------------------------------
2021-04-13 14:31:14:275  [INFO      ] Starting damian.exe ver 1.0.0.0
2021-04-13 14:31:14:275  [INFO      ] From D:\Dev\varcoded\Damian\DamIAn\WinApp\Win64\Debug\damian.exe
2021-04-13 14:31:14:275  [INFO      ] On martes, abril, 13 2021 02:31:14 p. m.
2021-04-13 14:31:14:275  [INFO      ] Created by:Zaphod (See "About" for contact)
2021-04-13 14:31:14:275  [INFO      ] Windows username: SFAJARDO
2021-04-13 14:31:14:275  [INFO      ] Running on computer: DESARROLLO02
2021-04-13 14:31:14:275  [INFO      ] ----------------------------------------------------------------
2021-04-13 14:31:26:447  [INFO      ] ----------------------------------------------------------------
2021-04-13 14:31:26:447  [INFO      ] Starting damian.exe ver 1.0.0.0
2021-04-13 14:31:26:447  [INFO      ] From D:\Dev\varcoded\Damian\DamIAn\WinApp\Win64\Debug\damian.exe
2021-04-13 14:31:26:447  [INFO      ] On martes, abril, 13 2021 02:31:26 p. m.
2021-04-13 14:31:26:447  [INFO      ] Created by:Zaphod (See "About" for contact)
2021-04-13 14:31:26:447  [INFO      ] Windows username: SFAJARDO
2021-04-13 14:31:26:447  [INFO      ] Running on computer: DESARROLLO02
2021-04-13 14:31:26:447  [INFO      ] ----------------------------------------------------------------
2021-04-13 14:32:28:302  [INFO      ] ----------------------------------------------------------------
2021-04-13 14:32:28:302  [INFO      ] Starting damian.exe ver 1.0.0.0
2021-04-13 14:32:28:302  [INFO      ] From D:\Dev\varcoded\Damian\DamIAn\WinApp\Win64\Debug\damian.exe
2021-04-13 14:32:28:302  [INFO      ] On martes, abril, 13 2021 02:32:28 p. m.
2021-04-13 14:32:28:302  [INFO      ] Created by:Zaphod (See "About" for contact)
2021-04-13 14:32:28:334  [INFO      ] Windows username: SFAJARDO
2021-04-13 14:32:28:334  [INFO      ] Running on computer: DESARROLLO02
2021-04-13 14:32:28:334  [INFO      ] ----------------------------------------------------------------
2021-04-13 14:33:33:226  [INFO      ] ----------------------------------------------------------------
2021-04-13 14:33:33:226  [INFO      ] Starting damian.exe ver 1.0.0.0
2021-04-13 14:33:33:226  [INFO      ] From D:\Dev\varcoded\Damian\DamIAn\WinApp\Win64\Debug\damian.exe
2021-04-13 14:33:33:226  [INFO      ] On martes, abril, 13 2021 02:33:33 p. m.
2021-04-13 14:33:33:226  [INFO      ] Created by:Zaphod (See "About" for contact)
2021-04-13 14:33:33:226  [INFO      ] Windows username: SFAJARDO
2021-04-13 14:33:33:226  [INFO      ] Running on computer: DESARROLLO02
2021-04-13 14:33:33:226  [INFO      ] ----------------------------------------------------------------
2021-04-13 14:33:59:634  [INFO      ] ----------------------------------------------------------------
2021-04-13 14:33:59:634  [INFO      ] Starting damian.exe ver 1.0.0.0
2021-04-13 14:33:59:634  [INFO      ] From D:\Dev\varcoded\Damian\DamIAn\WinApp\Win64\Debug\damian.exe
2021-04-13 14:33:59:634  [INFO      ] On martes, abril, 13 2021 02:33:59 p. m.
2021-04-13 14:33:59:634  [INFO      ] Created by:Zaphod (See "About" for contact)
2021-04-13 14:33:59:634  [INFO      ] Windows username: SFAJARDO
2021-04-13 14:33:59:634  [INFO      ] Running on computer: DESARROLLO02
2021-04-13 14:33:59:634  [INFO      ] ----------------------------------------------------------------
2021-04-13 14:34:12:743  [INFO      ] ----------------------------------------------------------------
2021-04-13 14:34:12:743  [INFO      ] Starting damian.exe ver 1.0.0.0
2021-04-13 14:34:12:743  [INFO      ] From D:\Dev\varcoded\Damian\DamIAn\WinApp\Win64\Debug\damian.exe
2021-04-13 14:34:12:743  [INFO      ] On martes, abril, 13 2021 02:34:12 p. m.
2021-04-13 14:34:12:743  [INFO      ] Created by:Zaphod (See "About" for contact)
2021-04-13 14:34:12:743  [INFO      ] Windows username: SFAJARDO
2021-04-13 14:34:12:743  [INFO      ] Running on computer: DESARROLLO02
2021-04-13 14:34:12:743  [INFO      ] ----------------------------------------------------------------
2021-04-13 14:34:55:120  [INFO      ] ----------------------------------------------------------------
2021-04-13 14:34:55:120  [INFO      ] Starting damian.exe ver 1.0.0.0
2021-04-13 14:34:55:120  [INFO      ] From D:\Dev\varcoded\Damian\DamIAn\WinApp\Win64\Debug\damian.exe
2021-04-13 14:34:55:120  [INFO      ] On martes, abril, 13 2021 02:34:55 p. m.
2021-04-13 14:34:55:120  [INFO      ] Created by:Zaphod (See "About" for contact)
2021-04-13 14:34:55:120  [INFO      ] Windows username: SFAJARDO
2021-04-13 14:34:55:120  [INFO      ] Running on computer: DESARROLLO02
2021-04-13 14:34:55:120  [INFO      ] ----------------------------------------------------------------
2021-04-13 14:35:46:947  [INFO      ] ----------------------------------------------------------------
2021-04-13 14:35:46:947  [INFO      ] Starting damian.exe ver 1.0.0.0
2021-04-13 14:35:46:947  [INFO      ] From D:\Dev\varcoded\Damian\DamIAn\WinApp\Win64\Debug\damian.exe
2021-04-13 14:35:46:947  [INFO      ] On martes, abril, 13 2021 02:35:46 p. m.
2021-04-13 14:35:46:947  [INFO      ] Created by:Zaphod (See "About" for contact)
2021-04-13 14:35:46:947  [INFO      ] Windows username: SFAJARDO
2021-04-13 14:35:46:947  [INFO      ] Running on computer: DESARROLLO02
2021-04-13 14:35:46:947  [INFO      ] ----------------------------------------------------------------
2021-04-13 14:36:49:737  [INFO      ] ----------------------------------------------------------------
2021-04-13 14:36:49:737  [INFO      ] Starting damian.exe ver 1.0.0.0
2021-04-13 14:36:49:737  [INFO      ] From D:\Dev\varcoded\Damian\DamIAn\WinApp\Win64\Debug\damian.exe
2021-04-13 14:36:49:737  [INFO      ] On martes, abril, 13 2021 02:36:49 p. m.
2021-04-13 14:36:49:737  [INFO      ] Created by:Zaphod (See "About" for contact)
2021-04-13 14:36:49:737  [INFO      ] Windows username: SFAJARDO
2021-04-13 14:36:49:737  [INFO      ] Running on computer: DESARROLLO02
2021-04-13 14:36:49:737  [INFO      ] ----------------------------------------------------------------
2021-04-13 14:38:52:426  [INFO      ] ----------------------------------------------------------------
2021-04-13 14:38:52:426  [INFO      ] Starting damian.exe ver 1.0.0.0
2021-04-13 14:38:52:426  [INFO      ] From D:\Dev\varcoded\Damian\DamIAn\WinApp\Win64\Debug\damian.exe
2021-04-13 14:38:52:426  [INFO      ] On martes, abril, 13 2021 02:38:52 p. m.
2021-04-13 14:38:52:426  [INFO      ] Created by:Zaphod (See "About" for contact)
2021-04-13 14:38:52:426  [INFO      ] Windows username: SFAJARDO
2021-04-13 14:38:52:426  [INFO      ] Running on computer: DESARROLLO02
2021-04-13 14:38:52:426  [INFO      ] ----------------------------------------------------------------
2021-04-13 14:42:12:021  [INFO      ] ----------------------------------------------------------------
2021-04-13 14:42:12:054  [INFO      ] Starting damian.exe ver 1.0.0.0
2021-04-13 14:42:12:054  [INFO      ] From D:\Dev\varcoded\Damian\DamIAn\WinApp\Win64\Debug\damian.exe
2021-04-13 14:42:12:054  [INFO      ] On martes, abril, 13 2021 02:42:12 p. m.
2021-04-13 14:42:12:054  [INFO      ] Created by:Zaphod (See "About" for contact)
2021-04-13 14:42:12:054  [INFO      ] Windows username: SFAJARDO
2021-04-13 14:42:12:054  [INFO      ] Running on computer: DESARROLLO02
2021-04-13 14:42:12:054  [INFO      ] ----------------------------------------------------------------
2021-04-13 14:44:36:221  [INFO      ] ----------------------------------------------------------------
2021-04-13 14:44:36:221  [INFO      ] Starting damian.exe ver 1.0.0.0
2021-04-13 14:44:36:221  [INFO      ] From D:\Dev\varcoded\Damian\DamIAn\WinApp\Win64\Debug\damian.exe
2021-04-13 14:44:36:221  [INFO      ] On martes, abril, 13 2021 02:44:36 p. m.
2021-04-13 14:44:36:221  [INFO      ] Created by:Zaphod (See "About" for contact)
2021-04-13 14:44:36:221  [INFO      ] Windows username: SFAJARDO
2021-04-13 14:44:36:251  [INFO      ] Running on computer: DESARROLLO02
2021-04-13 14:44:36:251  [INFO      ] ----------------------------------------------------------------
2021-04-13 14:46:31:900  [INFO      ] ----------------------------------------------------------------
2021-04-13 14:46:31:900  [INFO      ] Starting damian.exe ver 1.0.0.0
2021-04-13 14:46:31:900  [INFO      ] From D:\Dev\varcoded\Damian\DamIAn\WinApp\Win64\Debug\damian.exe
2021-04-13 14:46:31:900  [INFO      ] On martes, abril, 13 2021 02:46:31 p. m.
2021-04-13 14:46:31:900  [INFO      ] Created by:Zaphod (See "About" for contact)
2021-04-13 14:46:31:900  [INFO      ] Windows username: SFAJARDO
2021-04-13 14:46:31:900  [INFO      ] Running on computer: DESARROLLO02
2021-04-13 14:46:31:900  [INFO      ] ----------------------------------------------------------------
2021-04-13 14:47:45:491  [INFO      ] ----------------------------------------------------------------
2021-04-13 14:47:45:523  [INFO      ] Starting damian.exe ver 1.0.0.0
2021-04-13 14:47:45:523  [INFO      ] From D:\Dev\varcoded\Damian\DamIAn\WinApp\Win64\Debug\damian.exe
2021-04-13 14:47:45:523  [INFO      ] On martes, abril, 13 2021 02:47:45 p. m.
2021-04-13 14:47:45:523  [INFO      ] Created by:Zaphod (See "About" for contact)
2021-04-13 14:47:45:523  [INFO      ] Windows username: SFAJARDO
2021-04-13 14:47:45:523  [INFO      ] Running on computer: DESARROLLO02
2021-04-13 14:47:45:523  [INFO      ] ----------------------------------------------------------------
2021-04-13 14:52:48:303  [INFO      ] ----------------------------------------------------------------
2021-04-13 14:52:48:336  [INFO      ] Starting damian.exe ver 1.0.0.0
2021-04-13 14:52:48:336  [INFO      ] From D:\Dev\varcoded\Damian\DamIAn\WinApp\Win64\Debug\damian.exe
2021-04-13 14:52:48:336  [INFO      ] On martes, abril, 13 2021 02:52:48 p. m.
2021-04-13 14:52:48:336  [INFO      ] Created by:Zaphod (See "About" for contact)
2021-04-13 14:52:48:336  [INFO      ] Windows username: SFAJARDO
2021-04-13 14:52:48:336  [INFO      ] Running on computer: DESARROLLO02
2021-04-13 14:52:48:336  [INFO      ] ----------------------------------------------------------------
2021-04-13 14:59:05:949  [INFO      ] ----------------------------------------------------------------
2021-04-13 14:59:05:949  [INFO      ] Starting damian.exe ver 1.0.0.0
2021-04-13 14:59:05:949  [INFO      ] From D:\Dev\varcoded\Damian\DamIAn\WinApp\Win64\Debug\damian.exe
2021-04-13 14:59:05:949  [INFO      ] On martes, abril, 13 2021 02:59:05 p. m.
2021-04-13 14:59:05:949  [INFO      ] Created by:Zaphod (See "About" for contact)
2021-04-13 14:59:05:949  [INFO      ] Windows username: SFAJARDO
2021-04-13 14:59:05:949  [INFO      ] Running on computer: DESARROLLO02
2021-04-13 14:59:05:949  [INFO      ] ----------------------------------------------------------------
2021-04-13 15:00:44:129  [INFO      ] ----------------------------------------------------------------
2021-04-13 15:00:44:161  [INFO      ] Starting damian.exe ver 1.0.0.0
2021-04-13 15:00:44:161  [INFO      ] From D:\Dev\varcoded\Damian\DamIAn\WinApp\Win64\Debug\damian.exe
2021-04-13 15:00:44:161  [INFO      ] On martes, abril, 13 2021 03:00:44 p. m.
2021-04-13 15:00:44:161  [INFO      ] Created by:Zaphod (See "About" for contact)
2021-04-13 15:00:44:161  [INFO      ] Windows username: SFAJARDO
2021-04-13 15:00:44:161  [INFO      ] Running on computer: DESARROLLO02
2021-04-13 15:00:44:161  [INFO      ] ----------------------------------------------------------------
2021-04-13 15:05:17:084  [INFO      ] ----------------------------------------------------------------
2021-04-13 15:05:17:116  [INFO      ] Starting damian.exe ver 1.0.0.0
2021-04-13 15:05:17:116  [INFO      ] From D:\Dev\varcoded\Damian\DamIAn\WinApp\Win64\Debug\damian.exe
2021-04-13 15:05:17:116  [INFO      ] On martes, abril, 13 2021 03:05:17 p. m.
2021-04-13 15:05:17:116  [INFO      ] Created by:Zaphod (See "About" for contact)
2021-04-13 15:05:17:116  [INFO      ] Windows username: SFAJARDO
2021-04-13 15:05:17:116  [INFO      ] Running on computer: DESARROLLO02
2021-04-13 15:05:17:116  [INFO      ] ----------------------------------------------------------------
2021-04-13 15:06:23:709  [INFO      ] ----------------------------------------------------------------
2021-04-13 15:06:23:709  [INFO      ] Starting damian.exe ver 1.0.0.0
2021-04-13 15:06:23:709  [INFO      ] From D:\Dev\varcoded\Damian\DamIAn\WinApp\Win64\Debug\damian.exe
2021-04-13 15:06:23:709  [INFO      ] On martes, abril, 13 2021 03:06:23 p. m.
2021-04-13 15:06:23:709  [INFO      ] Created by:Zaphod (See "About" for contact)
2021-04-13 15:06:23:709  [INFO      ] Windows username: SFAJARDO
2021-04-13 15:06:23:709  [INFO      ] Running on computer: DESARROLLO02
2021-04-13 15:06:23:709  [INFO      ] ----------------------------------------------------------------
2021-04-13 15:07:46:730  [INFO      ] ----------------------------------------------------------------
2021-04-13 15:07:46:730  [INFO      ] Starting damian.exe ver 1.0.0.0
2021-04-13 15:07:46:730  [INFO      ] From D:\Dev\varcoded\Damian\DamIAn\WinApp\Win64\Debug\damian.exe
2021-04-13 15:07:46:730  [INFO      ] On martes, abril, 13 2021 03:07:46 p. m.
2021-04-13 15:07:46:730  [INFO      ] Created by:Zaphod (See "About" for contact)
2021-04-13 15:07:46:730  [INFO      ] Windows username: SFAJARDO
2021-04-13 15:07:46:730  [INFO      ] Running on computer: DESARROLLO02
2021-04-13 15:07:46:730  [INFO      ] ----------------------------------------------------------------
2021-04-13 15:11:32:699  [INFO      ] ----------------------------------------------------------------
2021-04-13 15:11:32:732  [INFO      ] Starting damian.exe ver 1.0.0.0
2021-04-13 15:11:32:732  [INFO      ] From D:\Dev\varcoded\Damian\DamIAn\WinApp\Win64\Debug\damian.exe
2021-04-13 15:11:32:732  [INFO      ] On martes, abril, 13 2021 03:11:32 p. m.
2021-04-13 15:11:32:732  [INFO      ] Created by:Zaphod (See "About" for contact)
2021-04-13 15:11:32:732  [INFO      ] Windows username: SFAJARDO
2021-04-13 15:11:32:732  [INFO      ] Running on computer: DESARROLLO02
2021-04-13 15:11:32:732  [INFO      ] ----------------------------------------------------------------
2021-04-13 15:12:18:548  [INFO      ] ----------------------------------------------------------------
2021-04-13 15:12:18:581  [INFO      ] Starting damian.exe ver 1.0.0.0
2021-04-13 15:12:18:581  [INFO      ] From D:\Dev\varcoded\Damian\DamIAn\WinApp\Win64\Debug\damian.exe
2021-04-13 15:12:18:581  [INFO      ] On martes, abril, 13 2021 03:12:18 p. m.
2021-04-13 15:12:18:581  [INFO      ] Created by:Zaphod (See "About" for contact)
2021-04-13 15:12:18:581  [INFO      ] Windows username: SFAJARDO
2021-04-13 15:12:18:581  [INFO      ] Running on computer: DESARROLLO02
2021-04-13 15:12:18:581  [INFO      ] ----------------------------------------------------------------
2021-04-13 15:15:11:834  [INFO      ] ----------------------------------------------------------------
2021-04-13 15:15:11:834  [INFO      ] Starting damian.exe ver 1.0.0.0
2021-04-13 15:15:11:834  [INFO      ] From D:\Dev\varcoded\Damian\DamIAn\WinApp\Win64\Debug\damian.exe
2021-04-13 15:15:11:834  [INFO      ] On martes, abril, 13 2021 03:15:11 p. m.
2021-04-13 15:15:11:834  [INFO      ] Created by:Zaphod (See "About" for contact)
2021-04-13 15:15:11:834  [INFO      ] Windows username: SFAJARDO
2021-04-13 15:15:11:834  [INFO      ] Running on computer: DESARROLLO02
2021-04-13 15:15:11:834  [INFO      ] ----------------------------------------------------------------
2021-04-13 15:15:55:451  [INFO      ] ----------------------------------------------------------------
2021-04-13 15:15:55:485  [INFO      ] Starting damian.exe ver 1.0.0.0
2021-04-13 15:15:55:485  [INFO      ] From D:\Dev\varcoded\Damian\DamIAn\WinApp\Win64\Debug\damian.exe
2021-04-13 15:15:55:485  [INFO      ] On martes, abril, 13 2021 03:15:55 p. m.
2021-04-13 15:15:55:485  [INFO      ] Created by:Zaphod (See "About" for contact)
2021-04-13 15:15:55:485  [INFO      ] Windows username: SFAJARDO
2021-04-13 15:15:55:485  [INFO      ] Running on computer: DESARROLLO02
2021-04-13 15:15:55:485  [INFO      ] ----------------------------------------------------------------
2021-04-13 15:16:56:641  [INFO      ] ----------------------------------------------------------------
2021-04-13 15:16:56:675  [INFO      ] Starting damian.exe ver 1.0.0.0
2021-04-13 15:16:56:675  [INFO      ] From D:\Dev\varcoded\Damian\DamIAn\WinApp\Win64\Debug\damian.exe
2021-04-13 15:16:56:675  [INFO      ] On martes, abril, 13 2021 03:16:56 p. m.
2021-04-13 15:16:56:675  [INFO      ] Created by:Zaphod (See "About" for contact)
2021-04-13 15:16:56:675  [INFO      ] Windows username: SFAJARDO
2021-04-13 15:16:56:675  [INFO      ] Running on computer: DESARROLLO02
2021-04-13 15:16:56:675  [INFO      ] ----------------------------------------------------------------
2021-04-13 15:18:26:488  [INFO      ] ----------------------------------------------------------------
2021-04-13 15:18:26:488  [INFO      ] Starting damian.exe ver 1.0.0.0
2021-04-13 15:18:26:488  [INFO      ] From D:\Dev\varcoded\Damian\DamIAn\WinApp\Win64\Debug\damian.exe
2021-04-13 15:18:26:488  [INFO      ] On martes, abril, 13 2021 03:18:26 p. m.
2021-04-13 15:18:26:488  [INFO      ] Created by:Zaphod (See "About" for contact)
2021-04-13 15:18:26:488  [INFO      ] Windows username: SFAJARDO
2021-04-13 15:18:26:488  [INFO      ] Running on computer: DESARROLLO02
2021-04-13 15:18:26:488  [INFO      ] ----------------------------------------------------------------
2021-04-13 15:30:34:611  [INFO      ] ----------------------------------------------------------------
2021-04-13 15:30:34:611  [INFO      ] Starting damian.exe ver 1.0.0.0
2021-04-13 15:30:34:611  [INFO      ] From D:\Dev\varcoded\Damian\DamIAn\WinApp\Win64\Debug\damian.exe
2021-04-13 15:30:34:611  [INFO      ] On martes, abril, 13 2021 03:30:34 p. m.
2021-04-13 15:30:34:611  [INFO      ] Created by:Zaphod (See "About" for contact)
2021-04-13 15:30:34:611  [INFO      ] Windows username: SFAJARDO
2021-04-13 15:30:34:611  [INFO      ] Running on computer: DESARROLLO02
2021-04-13 15:30:34:611  [INFO      ] ----------------------------------------------------------------
2021-04-13 15:37:27:528  [INFO      ] ----------------------------------------------------------------
2021-04-13 15:37:27:528  [INFO      ] Starting damian.exe ver 1.0.0.0
2021-04-13 15:37:27:528  [INFO      ] From D:\Dev\varcoded\Damian\DamIAn\WinApp\Win64\Debug\damian.exe
2021-04-13 15:37:27:561  [INFO      ] On martes, abril, 13 2021 03:37:27 p. m.
2021-04-13 15:37:27:561  [INFO      ] Created by:Zaphod (See "About" for contact)
2021-04-13 15:37:27:561  [INFO      ] Windows username: SFAJARDO
2021-04-13 15:37:27:561  [INFO      ] Running on computer: DESARROLLO02
2021-04-13 15:37:27:561  [INFO      ] ----------------------------------------------------------------
2021-04-13 15:38:47:256  [INFO      ] ----------------------------------------------------------------
2021-04-13 15:38:47:256  [INFO      ] Starting damian.exe ver 1.0.0.0
2021-04-13 15:38:47:256  [INFO      ] From D:\Dev\varcoded\Damian\DamIAn\WinApp\Win64\Debug\damian.exe
2021-04-13 15:38:47:256  [INFO      ] On martes, abril, 13 2021 03:38:47 p. m.
2021-04-13 15:38:47:256  [INFO      ] Created by:Zaphod (See "About" for contact)
2021-04-13 15:38:47:256  [INFO      ] Windows username: SFAJARDO
2021-04-13 15:38:47:256  [INFO      ] Running on computer: DESARROLLO02
2021-04-13 15:38:47:256  [INFO      ] ----------------------------------------------------------------
2021-04-13 15:45:25:756  [INFO      ] ----------------------------------------------------------------
2021-04-13 15:45:25:756  [INFO      ] Starting damian.exe ver 1.0.0.0
2021-04-13 15:45:25:756  [INFO      ] From D:\Dev\varcoded\Damian\DamIAn\WinApp\Win64\Debug\damian.exe
2021-04-13 15:45:25:756  [INFO      ] On martes, abril, 13 2021 03:45:25 p. m.
2021-04-13 15:45:25:756  [INFO      ] Created by:Zaphod (See "About" for contact)
2021-04-13 15:45:25:756  [INFO      ] Windows username: SFAJARDO
2021-04-13 15:45:25:787  [INFO      ] Running on computer: DESARROLLO02
2021-04-13 15:45:25:787  [INFO      ] ----------------------------------------------------------------
2021-04-13 15:49:17:829  [INFO      ] ----------------------------------------------------------------
2021-04-13 15:49:17:829  [INFO      ] Starting damian.exe ver 1.0.0.0
2021-04-13 15:49:17:864  [INFO      ] From D:\Dev\varcoded\Damian\DamIAn\WinApp\Win64\Debug\damian.exe
2021-04-13 15:49:17:864  [INFO      ] On martes, abril, 13 2021 03:49:17 p. m.
2021-04-13 15:49:17:864  [INFO      ] Created by:Zaphod (See "About" for contact)
2021-04-13 15:49:17:864  [INFO      ] Windows username: SFAJARDO
2021-04-13 15:49:17:864  [INFO      ] Running on computer: DESARROLLO02
2021-04-13 15:49:17:864  [INFO      ] ----------------------------------------------------------------
2021-04-13 15:49:28:703  [INFO      ] ----------------------------------------------------------------
2021-04-13 15:49:28:735  [INFO      ] Starting damian.exe ver 1.0.0.0
2021-04-13 15:49:28:735  [INFO      ] From D:\Dev\varcoded\Damian\DamIAn\WinApp\Win64\Debug\damian.exe
2021-04-13 15:49:28:735  [INFO      ] On martes, abril, 13 2021 03:49:28 p. m.
2021-04-13 15:49:28:735  [INFO      ] Created by:Zaphod (See "About" for contact)
2021-04-13 15:49:28:735  [INFO      ] Windows username: SFAJARDO
2021-04-13 15:49:28:735  [INFO      ] Running on computer: DESARROLLO02
2021-04-13 15:49:28:735  [INFO      ] ----------------------------------------------------------------
2021-04-13 15:49:53:135  [INFO      ] ----------------------------------------------------------------
2021-04-13 15:49:53:135  [INFO      ] Starting damian.exe ver 1.0.0.0
2021-04-13 15:49:53:135  [INFO      ] From D:\Dev\varcoded\Damian\DamIAn\WinApp\Win64\Debug\damian.exe
2021-04-13 15:49:53:136  [INFO      ] On martes, abril, 13 2021 03:49:53 p. m.
2021-04-13 15:49:53:136  [INFO      ] Created by:Zaphod (See "About" for contact)
2021-04-13 15:49:53:136  [INFO      ] Windows username: SFAJARDO
2021-04-13 15:49:53:136  [INFO      ] Running on computer: DESARROLLO02
2021-04-13 15:49:53:136  [INFO      ] ----------------------------------------------------------------
2021-04-13 15:51:08:502  [INFO      ] ----------------------------------------------------------------
2021-04-13 15:51:08:502  [INFO      ] Starting damian.exe ver 1.0.0.0
2021-04-13 15:51:08:502  [INFO      ] From D:\Dev\varcoded\Damian\DamIAn\WinApp\Win64\Debug\damian.exe
2021-04-13 15:51:08:502  [INFO      ] On martes, abril, 13 2021 03:51:08 p. m.
2021-04-13 15:51:08:502  [INFO      ] Created by:Zaphod (See "About" for contact)
2021-04-13 15:51:08:502  [INFO      ] Windows username: SFAJARDO
2021-04-13 15:51:08:502  [INFO      ] Running on computer: DESARROLLO02
2021-04-13 15:51:08:502  [INFO      ] ----------------------------------------------------------------
2021-04-13 15:51:30:192  [INFO      ] ----------------------------------------------------------------
2021-04-13 15:51:30:192  [INFO      ] Starting damian.exe ver 1.0.0.0
2021-04-13 15:51:30:192  [INFO      ] From D:\Dev\varcoded\Damian\DamIAn\WinApp\Win64\Debug\damian.exe
2021-04-13 15:51:30:192  [INFO      ] On martes, abril, 13 2021 03:51:30 p. m.
2021-04-13 15:51:30:192  [INFO      ] Created by:Zaphod (See "About" for contact)
2021-04-13 15:51:30:192  [INFO      ] Windows username: SFAJARDO
2021-04-13 15:51:30:192  [INFO      ] Running on computer: DESARROLLO02
2021-04-13 15:51:30:192  [INFO      ] ----------------------------------------------------------------
2021-04-13 15:51:47:928  [INFO      ] ----------------------------------------------------------------
2021-04-13 15:51:47:928  [INFO      ] Starting damian.exe ver 1.0.0.0
2021-04-13 15:51:47:928  [INFO      ] From D:\Dev\varcoded\Damian\DamIAn\WinApp\Win64\Debug\damian.exe
2021-04-13 15:51:47:928  [INFO      ] On martes, abril, 13 2021 03:51:47 p. m.
2021-04-13 15:51:47:928  [INFO      ] Created by:Zaphod (See "About" for contact)
2021-04-13 15:51:47:928  [INFO      ] Windows username: SFAJARDO
2021-04-13 15:51:47:962  [INFO      ] Running on computer: DESARROLLO02
2021-04-13 15:51:47:962  [INFO      ] ----------------------------------------------------------------
2021-04-13 15:52:42:753  [INFO      ] ----------------------------------------------------------------
2021-04-13 15:52:42:753  [INFO      ] Starting damian.exe ver 1.0.0.0
2021-04-13 15:52:42:753  [INFO      ] From D:\Dev\varcoded\Damian\DamIAn\WinApp\Win64\Debug\damian.exe
2021-04-13 15:52:42:753  [INFO      ] On martes, abril, 13 2021 03:52:42 p. m.
2021-04-13 15:52:42:753  [INFO      ] Created by:Zaphod (See "About" for contact)
2021-04-13 15:52:42:753  [INFO      ] Windows username: SFAJARDO
2021-04-13 15:52:42:753  [INFO      ] Running on computer: DESARROLLO02
2021-04-13 15:52:42:753  [INFO      ] ----------------------------------------------------------------
2021-04-13 15:53:10:633  [INFO      ] ----------------------------------------------------------------
2021-04-13 15:53:10:633  [INFO      ] Starting damian.exe ver 1.0.0.0
2021-04-13 15:53:10:633  [INFO      ] From D:\Dev\varcoded\Damian\DamIAn\WinApp\Win64\Debug\damian.exe
2021-04-13 15:53:10:633  [INFO      ] On martes, abril, 13 2021 03:53:10 p. m.
2021-04-13 15:53:10:633  [INFO      ] Created by:Zaphod (See "About" for contact)
2021-04-13 15:53:10:633  [INFO      ] Windows username: SFAJARDO
2021-04-13 15:53:10:633  [INFO      ] Running on computer: DESARROLLO02
2021-04-13 15:53:10:633  [INFO      ] ----------------------------------------------------------------
2021-04-13 15:53:16:730  [INFO      ] ----------------------------------------------------------------
2021-04-13 15:53:16:730  [INFO      ] Starting damian.exe ver 1.0.0.0
2021-04-13 15:53:16:730  [INFO      ] From D:\Dev\varcoded\Damian\DamIAn\WinApp\Win64\Debug\damian.exe
2021-04-13 15:53:16:730  [INFO      ] On martes, abril, 13 2021 03:53:16 p. m.
2021-04-13 15:53:16:730  [INFO      ] Created by:Zaphod (See "About" for contact)
2021-04-13 15:53:16:730  [INFO      ] Windows username: SFAJARDO
2021-04-13 15:53:16:730  [INFO      ] Running on computer: DESARROLLO02
2021-04-13 15:53:16:730  [INFO      ] ----------------------------------------------------------------
2021-04-13 15:53:26:178  [INFO      ] ----------------------------------------------------------------
2021-04-13 15:53:26:178  [INFO      ] Starting damian.exe ver 1.0.0.0
2021-04-13 15:53:26:178  [INFO      ] From D:\Dev\varcoded\Damian\DamIAn\WinApp\Win64\Debug\damian.exe
2021-04-13 15:53:26:213  [INFO      ] On martes, abril, 13 2021 03:53:26 p. m.
2021-04-13 15:53:26:213  [INFO      ] Created by:Zaphod (See "About" for contact)
2021-04-13 15:53:26:213  [INFO      ] Windows username: SFAJARDO
2021-04-13 15:53:26:213  [INFO      ] Running on computer: DESARROLLO02
2021-04-13 15:53:26:213  [INFO      ] ----------------------------------------------------------------
2021-04-13 15:53:47:069  [INFO      ] ----------------------------------------------------------------
2021-04-13 15:53:47:069  [INFO      ] Starting damian.exe ver 1.0.0.0
2021-04-13 15:53:47:069  [INFO      ] From D:\Dev\varcoded\Damian\DamIAn\WinApp\Win64\Debug\damian.exe
2021-04-13 15:53:47:069  [INFO      ] On martes, abril, 13 2021 03:53:47 p. m.
2021-04-13 15:53:47:069  [INFO      ] Created by:Zaphod (See "About" for contact)
2021-04-13 15:53:47:069  [INFO      ] Windows username: SFAJARDO
2021-04-13 15:53:47:069  [INFO      ] Running on computer: DESARROLLO02
2021-04-13 15:53:47:069  [INFO      ] ----------------------------------------------------------------
2021-04-13 15:54:24:585  [INFO      ] ----------------------------------------------------------------
2021-04-13 15:54:24:622  [INFO      ] Starting damian.exe ver 1.0.0.0
2021-04-13 15:54:24:622  [INFO      ] From D:\Dev\varcoded\Damian\DamIAn\WinApp\Win64\Debug\damian.exe
2021-04-13 15:54:24:622  [INFO      ] On martes, abril, 13 2021 03:54:24 p. m.
2021-04-13 15:54:24:622  [INFO      ] Created by:Zaphod (See "About" for contact)
2021-04-13 15:54:24:622  [INFO      ] Windows username: SFAJARDO
2021-04-13 15:54:24:622  [INFO      ] Running on computer: DESARROLLO02
2021-04-13 15:54:24:622  [INFO      ] ----------------------------------------------------------------
2021-04-13 15:54:40:030  [INFO      ] ----------------------------------------------------------------
2021-04-13 15:54:40:064  [INFO      ] Starting damian.exe ver 1.0.0.0
2021-04-13 15:54:40:064  [INFO      ] From D:\Dev\varcoded\Damian\DamIAn\WinApp\Win64\Debug\damian.exe
2021-04-13 15:54:40:064  [INFO      ] On martes, abril, 13 2021 03:54:40 p. m.
2021-04-13 15:54:40:064  [INFO      ] Created by:Zaphod (See "About" for contact)
2021-04-13 15:54:40:064  [INFO      ] Windows username: SFAJARDO
2021-04-13 15:54:40:064  [INFO      ] Running on computer: DESARROLLO02
2021-04-13 15:54:40:064  [INFO      ] ----------------------------------------------------------------
2021-04-13 15:56:11:442  [INFO      ] ----------------------------------------------------------------
2021-04-13 15:56:11:475  [INFO      ] Starting damian.exe ver 1.0.0.0
2021-04-13 15:56:11:475  [INFO      ] From D:\Dev\varcoded\Damian\DamIAn\WinApp\Win64\Debug\damian.exe
2021-04-13 15:56:11:475  [INFO      ] On martes, abril, 13 2021 03:56:11 p. m.
2021-04-13 15:56:11:475  [INFO      ] Created by:Zaphod (See "About" for contact)
2021-04-13 15:56:11:475  [INFO      ] Windows username: SFAJARDO
2021-04-13 15:56:11:475  [INFO      ] Running on computer: DESARROLLO02
2021-04-13 15:56:11:475  [INFO      ] ----------------------------------------------------------------
2021-04-13 15:56:26:063  [INFO      ] ----------------------------------------------------------------
2021-04-13 15:56:26:063  [INFO      ] Starting damian.exe ver 1.0.0.0
2021-04-13 15:56:26:095  [INFO      ] From D:\Dev\varcoded\Damian\DamIAn\WinApp\Win64\Debug\damian.exe
2021-04-13 15:56:26:095  [INFO      ] On martes, abril, 13 2021 03:56:26 p. m.
2021-04-13 15:56:26:095  [INFO      ] Created by:Zaphod (See "About" for contact)
2021-04-13 15:56:26:095  [INFO      ] Windows username: SFAJARDO
2021-04-13 15:56:26:095  [INFO      ] Running on computer: DESARROLLO02
2021-04-13 15:56:26:095  [INFO      ] ----------------------------------------------------------------
2021-04-13 15:56:37:259  [INFO      ] ----------------------------------------------------------------
2021-04-13 15:56:37:259  [INFO      ] Starting damian.exe ver 1.0.0.0
2021-04-13 15:56:37:259  [INFO      ] From D:\Dev\varcoded\Damian\DamIAn\WinApp\Win64\Debug\damian.exe
2021-04-13 15:56:37:260  [INFO      ] On martes, abril, 13 2021 03:56:37 p. m.
2021-04-13 15:56:37:260  [INFO      ] Created by:Zaphod (See "About" for contact)
2021-04-13 15:56:37:260  [INFO      ] Windows username: SFAJARDO
2021-04-13 15:56:37:260  [INFO      ] Running on computer: DESARROLLO02
2021-04-13 15:56:37:260  [INFO      ] ----------------------------------------------------------------
2021-04-13 16:01:16:972  [INFO      ] ----------------------------------------------------------------
2021-04-13 16:01:16:972  [INFO      ] Starting damian.exe ver 1.0.0.0
2021-04-13 16:01:16:972  [INFO      ] From D:\Dev\varcoded\Damian\DamIAn\WinApp\Win64\Debug\damian.exe
2021-04-13 16:01:16:972  [INFO      ] On martes, abril, 13 2021 04:01:16 p. m.
2021-04-13 16:01:16:972  [INFO      ] Created by:Zaphod (See "About" for contact)
2021-04-13 16:01:16:972  [INFO      ] Windows username: SFAJARDO
2021-04-13 16:01:16:972  [INFO      ] Running on computer: DESARROLLO02
2021-04-13 16:01:16:972  [INFO      ] ----------------------------------------------------------------
2021-04-13 16:16:04:774  [INFO      ] ----------------------------------------------------------------
2021-04-13 16:16:04:774  [INFO      ] Starting damian.exe ver 1.0.0.0
2021-04-13 16:16:04:774  [INFO      ] From D:\Dev\varcoded\Damian\DamIAn\WinApp\Win64\Debug\damian.exe
2021-04-13 16:16:04:774  [INFO      ] On martes, abril, 13 2021 04:16:04 p. m.
2021-04-13 16:16:04:774  [INFO      ] Created by:Zaphod (See "About" for contact)
2021-04-13 16:16:04:774  [INFO      ] Windows username: SFAJARDO
2021-04-13 16:16:04:774  [INFO      ] Running on computer: DESARROLLO02
2021-04-13 16:16:04:774  [INFO      ] ----------------------------------------------------------------
2021-04-13 16:16:22:940  [INFO      ] ----------------------------------------------------------------
2021-04-13 16:16:22:978  [INFO      ] Starting damian.exe ver 1.0.0.0
2021-04-13 16:16:22:978  [INFO      ] From D:\Dev\varcoded\Damian\DamIAn\WinApp\Win64\Debug\damian.exe
2021-04-13 16:16:22:978  [INFO      ] On martes, abril, 13 2021 04:16:22 p. m.
2021-04-13 16:16:22:978  [INFO      ] Created by:Zaphod (See "About" for contact)
2021-04-13 16:16:22:978  [INFO      ] Windows username: SFAJARDO
2021-04-13 16:16:22:978  [INFO      ] Running on computer: DESARROLLO02
2021-04-13 16:16:22:978  [INFO      ] ----------------------------------------------------------------
2021-04-13 16:17:36:133  [INFO      ] ----------------------------------------------------------------
2021-04-13 16:17:36:167  [INFO      ] Starting damian.exe ver 1.0.0.0
2021-04-13 16:17:36:167  [INFO      ] From D:\Dev\varcoded\Damian\DamIAn\WinApp\Win64\Debug\damian.exe
2021-04-13 16:17:36:167  [INFO      ] On martes, abril, 13 2021 04:17:36 p. m.
2021-04-13 16:17:36:167  [INFO      ] Created by:Zaphod (See "About" for contact)
2021-04-13 16:17:36:167  [INFO      ] Windows username: SFAJARDO
2021-04-13 16:17:36:167  [INFO      ] Running on computer: DESARROLLO02
2021-04-13 16:17:36:167  [INFO      ] ----------------------------------------------------------------
2021-04-13 16:19:22:513  [INFO      ] ----------------------------------------------------------------
2021-04-13 16:19:22:513  [INFO      ] Starting damian.exe ver 1.0.0.0
2021-04-13 16:19:22:513  [INFO      ] From D:\Dev\varcoded\Damian\DamIAn\WinApp\Win64\Debug\damian.exe
2021-04-13 16:19:22:513  [INFO      ] On martes, abril, 13 2021 04:19:22 p. m.
2021-04-13 16:19:22:513  [INFO      ] Created by:Zaphod (See "About" for contact)
2021-04-13 16:19:22:513  [INFO      ] Windows username: SFAJARDO
2021-04-13 16:19:22:513  [INFO      ] Running on computer: DESARROLLO02
2021-04-13 16:19:22:513  [INFO      ] ----------------------------------------------------------------
